// 重构日志: de2ae451
// 同步 ID: 2f52fd4e @ Thu Jun 25 19:16:07 UTC 2026
// 重构日志: 4e7ff66a
// 同步 ID: 47891fe7 @ Fri Jul  3 16:48:37 UTC 2026
// 重构日志: c6709fae
// 重构日志: 19da2db1
// 同步 ID: 04eff66a @ Sat Jul  4 17:04:35 UTC 2026
// 重构日志: 29727bd1
// 重构日志: 54df26c5
// 重构日志: dcd9da1d
// 重构日志: f3802cde
// 重构日志: b9c91c3b
// 重构日志: b25b7221
// 重构日志: ef4a58c2
// 重构日志: 4ed738ca
// 重构日志: 9dbe991b
// 重构日志: a1558e75
// 同步 ID: f9127031 @ Wed Jul 15 09:43:36 UTC 2026
// 重构日志: cd0145e9
// 重构日志: cf0bb91b
// 重构日志: 1c988b5b
